<?xml version="1.0" encoding="UTF-8"?>
<testng-results skipped="0" failed="0" ignored="0" total="1" passed="1">
  <reporter-output>
  </reporter-output>
  <suite name="Default suite" duration-ms="67302" started-at="2019-10-23T19:49:11 IST" finished-at="2019-10-23T19:50:18 IST">
    <groups>
    </groups>
    <test name="Default test" duration-ms="67302" started-at="2019-10-23T19:49:11 IST" finished-at="2019-10-23T19:50:18 IST">
      <class name="testNG.Listgmail">
        <test-method status="PASS" signature="demoM()[pri:0, instance:testNG.Listgmail@57536d79]" name="demoM" duration-ms="67247" started-at="2019-10-23T19:49:11 IST" finished-at="2019-10-23T19:50:18 IST">
          <reporter-output>
          </reporter-output>
        </test-method> <!-- demoM -->
      </class> <!-- testNG.Listgmail -->
    </test> <!-- Default test -->
  </suite> <!-- Default suite -->
</testng-results>
