<?xml version="1.0" encoding="UTF-8"?>
<testng-results skipped="0" failed="0" ignored="0" total="1" passed="1">
  <reporter-output>
  </reporter-output>
  <suite name="Default suite" duration-ms="52" started-at="2019-10-25T15:09:08 IST" finished-at="2019-10-25T15:09:08 IST">
    <groups>
    </groups>
    <test name="Default test" duration-ms="52" started-at="2019-10-25T15:09:08 IST" finished-at="2019-10-25T15:09:08 IST">
      <class name="testNG.ConfigDemo">
        <test-method status="PASS" signature="demo()[pri:0, instance:testNG.ConfigDemo@6c3708b3]" name="demo" duration-ms="11" started-at="2019-10-25T15:09:08 IST" finished-at="2019-10-25T15:09:08 IST">
          <reporter-output>
          </reporter-output>
        </test-method> <!-- demo -->
      </class> <!-- testNG.ConfigDemo -->
    </test> <!-- Default test -->
  </suite> <!-- Default suite -->
</testng-results>
